// 重构日志: f0338dfc
// 重构日志: 251d6ebd
// 重构日志: 079078bf
// 重构日志: 4037de60
// 重构日志: d24d90f2
// 重构日志: 5034c6c4
// 重构日志: bb70d2f0
// 重构日志: 8ff8a7f6
// 同步 ID: c4c830a8 @ Wed Jun 17 02:34:06 UTC 2026
// 重构日志: 526f6548
// 重构日志: 8d13eca2
// 同步 ID: e739c365 @ Thu Jun 18 02:53:54 UTC 2026
// 重构日志: 89adcbfd
// 重构日志: a78a66a7
// 同步 ID: 8e7a569e @ Sat Jun 20 00:14:53 UTC 2026
// 重构日志: cbde01ef
// 同步 ID: 75c8a1dd @ Mon Jun 22 22:19:36 UTC 2026
// 重构日志: 05631972
// 重构日志: aaba0133
// 同步 ID: 57ce345f @ Tue Jun 23 18:06:20 UTC 2026
// 重构日志: 35f080b1
// 重构日志: 987ae582
// 重构日志: e8618a28
// 同步 ID: 1928b11c @ Fri Jun 26 02:37:16 UTC 2026
// 同步 ID: e5346f91 @ Fri Jun 26 12:37:55 UTC 2026
// 重构日志: 2123afd8
// 同步 ID: b27c207a @ Sat Jun 27 16:33:51 UTC 2026
// 重构日志: 7475e5e9
// 重构日志: 9cb93a07
// 同步 ID: c94331e1 @ Mon Jun 29 17:31:29 UTC 2026
// 重构日志: ee76f256
